# JRE version: OpenJDK Runtime Environment Temurin-21.0.6+7 (21.0.6+7) (build 21.0.6+7-LTS)
# Java VM: OpenJDK 64-Bit Server VM Temurin-21.0.6+7 (21.0.6+7-LTS, mixed mode, sharing, tiered, compressed oops, compressed class ptrs, g1 gc, windows-amd64)
GC Precious Log:
 CardTable entry size: 512
 Card Set container configuration: InlinePtr #cards 5 size 8 Array Of Cards #cards 12 size 40 Howl #buckets 4 coarsen threshold 1843 Howl Bitmap #cards 512 size 80 coarsen threshold 460 Card regions per heap region 1 cards per card region 2048
 CPUs: 2 total, 2 available
 Memory: 8068M
 Large Page Support: Disabled
 NUMA Support: Disabled
 Compressed Oops: Enabled (32-bit)
 Heap Region Size: 1M
 Heap Min Capacity: 8M
 Heap Initial Capacity: 128M
 Heap Max Capacity: 2018M
 Pre-touch: Disabled
 Parallel Workers: 2
 Concurrent Workers: 1
 Concurrent Refinement Workers: 2
 Periodic GC: Disabled
Heap:
 garbage-first heap   total 94208K, used 51318K [0x0000000081e00000, 0x0000000100000000)
  region size 1024K, 4 young (4096K), 4 survivors (4096K)
 Metaspace       used 79314K, committed 80320K, reserved 1179648K
  class space    used 10322K, committed 10816K, reserved 1048576K
GC Heap History (20 events):
Event: 213.648 GC heap after
{Heap after GC invocations=63 (full 4):
 garbage-first heap   total 94208K, used 44914K [0x0000000081e00000, 0x0000000100000000)
  region size 1024K, 4 young (4096K), 4 survivors (4096K)
 Metaspace       used 78301K, committed 79360K, reserved 1179648K
  class space    used 10269K, committed 10752K, reserved 1048576K
}
Event: 215.054 GC heap before
{Heap before GC invocations=64 (full 4):
 garbage-first heap   total 94208K, used 82802K [0x0000000081e00000, 0x0000000100000000)
  region size 1024K, 41 young (41984K), 4 survivors (4096K)
 Metaspace       used 78452K, committed 79488K, reserved 1179648K
  class space    used 10278K, committed 10752K, reserved 1048576K
}
Event: 215.063 GC heap after
{Heap after GC invocations=65 (full 4):
 garbage-first heap   total 94208K, used 46530K [0x0000000081e00000, 0x0000000100000000)
  region size 1024K, 2 young (2048K), 2 survivors (2048K)
 Metaspace       used 78452K, committed 79488K, reserved 1179648K
  class space    used 10278K, committed 10752K, reserved 1048576K
}
Event: 216.075 GC heap before
{Heap before GC invocations=65 (full 4):
 garbage-first heap   total 94208K, used 84418K [0x0000000081e00000, 0x0000000100000000)
  region size 1024K, 39 young (39936K), 2 survivors (2048K)
 Metaspace       used 78729K, committed 79680K, reserved 1179648K
  class space    used 10292K, committed 10752K, reserved 1048576K
}
Event: 216.084 GC heap after
{Heap after GC invocations=66 (full 4):
 garbage-first heap   total 94208K, used 49128K [0x0000000081e00000, 0x0000000100000000)
  region size 1024K, 4 young (4096K), 4 survivors (4096K)
 Metaspace       used 78729K, committed 79680K, reserved 1179648K
  class space    used 10292K, committed 10752K, reserved 1048576K
}
Event: 216.664 GC heap before
{Heap before GC invocations=66 (full 4):
 garbage-first heap   total 94208K, used 82920K [0x0000000081e00000, 0x0000000100000000)
  region size 1024K, 37 young (37888K), 4 survivors (4096K)
 Metaspace       used 78763K, committed 79744K, reserved 1179648K
  class space    used 10292K, committed 10752K, reserved 1048576K
}
Event: 216.674 GC heap after
{Heap after GC invocations=67 (full 4):
 garbage-first heap   total 94208K, used 50145K [0x0000000081e00000, 0x0000000100000000)
  region size 1024K, 4 young (4096K), 4 survivors (4096K)
 Metaspace       used 78763K, committed 79744K, reserved 1179648K
  class space    used 10292K, committed 10752K, reserved 1048576K
}
Event: 218.617 GC heap before
{Heap before GC invocations=68 (full 4):
 garbage-first heap   total 94208K, used 65505K [0x0000000081e00000, 0x0000000100000000)
  region size 1024K, 20 young (20480K), 4 survivors (4096K)
 Metaspace       used 78790K, committed 79808K, reserved 1179648K
  class space    used 10292K, committed 10752K, reserved 1048576K
}
Event: 218.722 GC heap after
{Heap after GC invocations=69 (full 5):
 garbage-first heap   total 94208K, used 44004K [0x0000000081e00000, 0x0000000100000000)
  region size 1024K, 0 young (0K), 0 survivors (0K)
 Metaspace       used 78790K, committed 79808K, reserved 1179648K
  class space    used 10292K, committed 10752K, reserved 1048576K
}
Event: 219.714 GC heap before
{Heap before GC invocations=69 (full 5):
 garbage-first heap   total 94208K, used 84964K [0x0000000081e00000, 0x0000000100000000)
  region size 1024K, 41 young (41984K), 0 survivors (0K)
 Metaspace       used 78860K, committed 79936K, reserved 1179648K
  class space    used 10295K, committed 10816K, reserved 1048576K
}
Event: 219.721 GC heap after
{Heap after GC invocations=70 (full 5):
 garbage-first heap   total 94208K, used 48069K [0x0000000081e00000, 0x0000000100000000)
  region size 1024K, 4 young (4096K), 4 survivors (4096K)
 Metaspace       used 78860K, committed 79936K, reserved 1179648K
  class space    used 10295K, committed 10816K, reserved 1048576K
}
Event: 220.290 GC heap before
{Heap before GC invocations=71 (full 5):
 garbage-first heap   total 94208K, used 82885K [0x0000000081e00000, 0x0000000100000000)
  region size 1024K, 38 young (38912K), 4 survivors (4096K)
 Metaspace       used 78920K, committed 80000K, reserved 1179648K
  class space    used 10302K, committed 10816K, reserved 1048576K
}
Event: 220.300 GC heap after
{Heap after GC invocations=72 (full 5):
 garbage-first heap   total 94208K, used 49649K [0x0000000081e00000, 0x0000000100000000)
  region size 1024K, 2 young (2048K), 2 survivors (2048K)
 Metaspace       used 78920K, committed 80000K, reserved 1179648K
  class space    used 10302K, committed 10816K, reserved 1048576K
}
Event: 221.223 GC heap before
{Heap before GC invocations=72 (full 5):
 garbage-first heap   total 94208K, used 84465K [0x0000000081e00000, 0x0000000100000000)
  region size 1024K, 36 young (36864K), 2 survivors (2048K)
 Metaspace       used 79228K, committed 80256K, reserved 1179648K
  class space    used 10319K, committed 10816K, reserved 1048576K
}
Event: 221.231 GC heap after
{Heap after GC invocations=73 (full 5):
 garbage-first heap   total 94208K, used 51846K [0x0000000081e00000, 0x0000000100000000)
  region size 1024K, 4 young (4096K), 4 survivors (4096K)
 Metaspace       used 79228K, committed 80256K, reserved 1179648K
  class space    used 10319K, committed 10816K, reserved 1048576K
}
Event: 221.573 GC heap before
{Heap before GC invocations=73 (full 5):
 garbage-first heap   total 94208K, used 82566K [0x0000000081e00000, 0x0000000100000000)
  region size 1024K, 34 young (34816K), 4 survivors (4096K)
 Metaspace       used 79240K, committed 80256K, reserved 1179648K
  class space    used 10319K, committed 10816K, reserved 1048576K
}
Event: 221.583 GC heap after
{Heap after GC invocations=74 (full 5):
 garbage-first heap   total 94208K, used 52848K [0x0000000081e00000, 0x0000000100000000)
  region size 1024K, 4 young (4096K), 4 survivors (4096K)
 Metaspace       used 79240K, committed 80256K, reserved 1179648K
  class space    used 10319K, committed 10816K, reserved 1048576K
}
Event: 229.390 GC heap before
{Heap before GC invocations=75 (full 5):
 garbage-first heap   total 94208K, used 78448K [0x0000000081e00000, 0x0000000100000000)
  region size 1024K, 30 young (30720K), 4 survivors (4096K)
 Metaspace       used 79266K, committed 80256K, reserved 1179648K
  class space    used 10319K, committed 10816K, reserved 1048576K
}
Event: 229.509 GC heap after
{Heap after GC invocations=76 (full 6):
 garbage-first heap   total 94208K, used 47222K [0x0000000081e00000, 0x0000000100000000)
  region size 1024K, 0 young (0K), 0 survivors (0K)
 Metaspace       used 79266K, committed 80256K, reserved 1179648K
  class space    used 10319K, committed 10816K, reserved 1048576K
}
Event: 231.526 GC heap before
{Heap before GC invocations=76 (full 6):
 garbage-first heap   total 94208K, used 87158K [0x0000000081e00000, 0x0000000100000000)
  region size 1024K, 39 young (39936K), 0 survivors (0K)
 Metaspace       used 79314K, committed 80320K, reserved 1179648K
  class space    used 10322K, committed 10816K, reserved 1048576K
}

