# JRE version: OpenJDK Runtime Environment Temurin-21.0.6+7 (21.0.6+7) (build 21.0.6+7-LTS)
# Java VM: OpenJDK 64-Bit Server VM Temurin-21.0.6+7 (21.0.6+7-LTS, mixed mode, sharing, tiered, compressed oops, compressed class ptrs, g1 gc, windows-amd64)
GC Precious Log:
 CardTable entry size: 512
 Card Set container configuration: InlinePtr #cards 5 size 8 Array Of Cards #cards 12 size 40 Howl #buckets 4 coarsen threshold 1843 Howl Bitmap #cards 512 size 80 coarsen threshold 460 Card regions per heap region 1 cards per card region 2048
 CPUs: 2 total, 2 available
 Memory: 8068M
 Large Page Support: Disabled
 NUMA Support: Disabled
 Compressed Oops: Enabled (32-bit)
 Heap Region Size: 1M
 Heap Min Capacity: 8M
 Heap Initial Capacity: 128M
 Heap Max Capacity: 2018M
 Pre-touch: Disabled
 Parallel Workers: 2
 Concurrent Workers: 1
 Concurrent Refinement Workers: 2
 Periodic GC: Disabled
Heap:
 garbage-first heap   total 146432K, used 95125K [0x0000000081e00000, 0x0000000100000000)
  region size 1024K, 15 young (15360K), 5 survivors (5120K)
 Metaspace       used 86753K, committed 88000K, reserved 1179648K
  class space    used 11009K, committed 11584K, reserved 1048576K
GC Heap History (20 events):
Event: 1086.044 GC heap after
{Heap after GC invocations=118 (full 10):
 garbage-first heap   total 146432K, used 74119K [0x0000000081e00000, 0x0000000100000000)
  region size 1024K, 5 young (5120K), 5 survivors (5120K)
 Metaspace       used 85360K, committed 86528K, reserved 1179648K
  class space    used 10918K, committed 11456K, reserved 1048576K
}
Event: 1087.634 GC heap before
{Heap before GC invocations=119 (full 10):
 garbage-first heap   total 146432K, used 132487K [0x0000000081e00000, 0x0000000100000000)
  region size 1024K, 62 young (63488K), 5 survivors (5120K)
 Metaspace       used 85758K, committed 86976K, reserved 1179648K
  class space    used 10948K, committed 11520K, reserved 1048576K
}
Event: 1087.650 GC heap after
{Heap after GC invocations=120 (full 10):
 garbage-first heap   total 146432K, used 77064K [0x0000000081e00000, 0x0000000100000000)
  region size 1024K, 4 young (4096K), 4 survivors (4096K)
 Metaspace       used 85758K, committed 86976K, reserved 1179648K
  class space    used 10948K, committed 11520K, reserved 1048576K
}
Event: 1107.185 GC heap before
{Heap before GC invocations=120 (full 10):
 garbage-first heap   total 146432K, used 122120K [0x0000000081e00000, 0x0000000100000000)
  region size 1024K, 49 young (50176K), 4 survivors (4096K)
 Metaspace       used 85810K, committed 86976K, reserved 1179648K
  class space    used 10949K, committed 11520K, reserved 1048576K
}
Event: 1107.366 GC heap after
{Heap after GC invocations=121 (full 11):
 garbage-first heap   total 146432K, used 72440K [0x0000000081e00000, 0x0000000100000000)
  region size 1024K, 0 young (0K), 0 survivors (0K)
 Metaspace       used 85810K, committed 86976K, reserved 1179648K
  class space    used 10949K, committed 11520K, reserved 1048576K
}
Event: 1109.129 GC heap before
{Heap before GC invocations=121 (full 11):
 garbage-first heap   total 146432K, used 132856K [0x0000000081e00000, 0x0000000100000000)
  region size 1024K, 60 young (61440K), 0 survivors (0K)
 Metaspace       used 85848K, committed 87040K, reserved 1179648K
  class space    used 10952K, committed 11520K, reserved 1048576K
}
Event: 1109.138 GC heap after
{Heap after GC invocations=122 (full 11):
 garbage-first heap   total 146432K, used 77223K [0x0000000081e00000, 0x0000000100000000)
  region size 1024K, 5 young (5120K), 5 survivors (5120K)
 Metaspace       used 85848K, committed 87040K, reserved 1179648K
  class space    used 10952K, committed 11520K, reserved 1048576K
}
Event: 1110.503 GC heap before
{Heap before GC invocations=123 (full 11):
 garbage-first heap   total 146432K, used 131495K [0x0000000081e00000, 0x0000000100000000)
  region size 1024K, 58 young (59392K), 5 survivors (5120K)
 Metaspace       used 86197K, committed 87360K, reserved 1179648K
  class space    used 10973K, committed 11520K, reserved 1048576K
}
Event: 1110.516 GC heap after
{Heap after GC invocations=124 (full 11):
 garbage-first heap   total 146432K, used 80016K [0x0000000081e00000, 0x0000000100000000)
  region size 1024K, 4 young (4096K), 4 survivors (4096K)
 Metaspace       used 86197K, committed 87360K, reserved 1179648K
  class space    used 10973K, committed 11520K, reserved 1048576K
}
Event: 1144.673 GC heap before
{Heap before GC invocations=124 (full 11):
 garbage-first heap   total 146432K, used 132240K [0x0000000081e00000, 0x0000000100000000)
  region size 1024K, 55 young (56320K), 4 survivors (4096K)
 Metaspace       used 86215K, committed 87360K, reserved 1179648K
  class space    used 10973K, committed 11520K, reserved 1048576K
}
Event: 1144.681 GC heap after
{Heap after GC invocations=125 (full 11):
 garbage-first heap   total 146432K, used 80794K [0x0000000081e00000, 0x0000000100000000)
  region size 1024K, 4 young (4096K), 4 survivors (4096K)
 Metaspace       used 86215K, committed 87360K, reserved 1179648K
  class space    used 10973K, committed 11520K, reserved 1048576K
}
Event: 1206.019 GC heap before
{Heap before GC invocations=125 (full 11):
 garbage-first heap   total 146432K, used 87962K [0x0000000081e00000, 0x0000000100000000)
  region size 1024K, 12 young (12288K), 4 survivors (4096K)
 Metaspace       used 86321K, committed 87552K, reserved 1179648K
  class space    used 10982K, committed 11520K, reserved 1048576K
}
Event: 1206.207 GC heap after
{Heap after GC invocations=126 (full 12):
 garbage-first heap   total 146432K, used 76447K [0x0000000081e00000, 0x0000000100000000)
  region size 1024K, 0 young (0K), 0 survivors (0K)
 Metaspace       used 86321K, committed 87552K, reserved 1179648K
  class space    used 10982K, committed 11520K, reserved 1048576K
}
Event: 1212.841 GC heap before
{Heap before GC invocations=126 (full 12):
 garbage-first heap   total 146432K, used 135839K [0x0000000081e00000, 0x0000000100000000)
  region size 1024K, 58 young (59392K), 0 survivors (0K)
 Metaspace       used 86360K, committed 87552K, reserved 1179648K
  class space    used 10987K, committed 11520K, reserved 1048576K
}
Event: 1212.850 GC heap after
{Heap after GC invocations=127 (full 12):
 garbage-first heap   total 146432K, used 81378K [0x0000000081e00000, 0x0000000100000000)
  region size 1024K, 5 young (5120K), 5 survivors (5120K)
 Metaspace       used 86360K, committed 87552K, reserved 1179648K
  class space    used 10987K, committed 11520K, reserved 1048576K
}
Event: 1224.691 GC heap before
{Heap before GC invocations=128 (full 12):
 garbage-first heap   total 146432K, used 131554K [0x0000000081e00000, 0x0000000100000000)
  region size 1024K, 54 young (55296K), 5 survivors (5120K)
 Metaspace       used 86734K, committed 87936K, reserved 1179648K
  class space    used 11009K, committed 11584K, reserved 1048576K
}
Event: 1224.711 GC heap after
{Heap after GC invocations=129 (full 12):
 garbage-first heap   total 146432K, used 83949K [0x0000000081e00000, 0x0000000100000000)
  region size 1024K, 4 young (4096K), 4 survivors (4096K)
 Metaspace       used 86734K, committed 87936K, reserved 1179648K
  class space    used 11009K, committed 11584K, reserved 1048576K
}
Event: 1227.744 GC heap before
{Heap before GC invocations=129 (full 12):
 garbage-first heap   total 146432K, used 132077K [0x0000000081e00000, 0x0000000100000000)
  region size 1024K, 51 young (52224K), 4 survivors (4096K)
 Metaspace       used 86743K, committed 87936K, reserved 1179648K
  class space    used 11009K, committed 11584K, reserved 1048576K
}
Event: 1227.759 GC heap after
{Heap after GC invocations=130 (full 12):
 garbage-first heap   total 146432K, used 85909K [0x0000000081e00000, 0x0000000100000000)
  region size 1024K, 5 young (5120K), 5 survivors (5120K)
 Metaspace       used 86743K, committed 87936K, reserved 1179648K
  class space    used 11009K, committed 11584K, reserved 1048576K
}
Event: 1232.108 GC heap before
{Heap before GC invocations=130 (full 12):
 garbage-first heap   total 146432K, used 95125K [0x0000000081e00000, 0x0000000100000000)
  region size 1024K, 15 young (15360K), 5 survivors (5120K)
 Metaspace       used 86753K, committed 88000K, reserved 1179648K
  class space    used 11009K, committed 11584K, reserved 1048576K
}

