# JRE version: OpenJDK Runtime Environment Temurin-21.0.6+7 (21.0.6+7) (build 21.0.6+7-LTS)
# Java VM: OpenJDK 64-Bit Server VM Temurin-21.0.6+7 (21.0.6+7-LTS, mixed mode, sharing, tiered, compressed oops, compressed class ptrs, g1 gc, windows-amd64)
GC Precious Log:
 CardTable entry size: 512
 Card Set container configuration: InlinePtr #cards 5 size 8 Array Of Cards #cards 12 size 40 Howl #buckets 4 coarsen threshold 1843 Howl Bitmap #cards 512 size 80 coarsen threshold 460 Card regions per heap region 1 cards per card region 2048
 CPUs: 2 total, 2 available
 Memory: 8068M
 Large Page Support: Disabled
 NUMA Support: Disabled
 Compressed Oops: Enabled (32-bit)
 Heap Region Size: 1M
 Heap Min Capacity: 8M
 Heap Initial Capacity: 128M
 Heap Max Capacity: 2018M
 Pre-touch: Disabled
 Parallel Workers: 2
 Concurrent Workers: 1
 Concurrent Refinement Workers: 2
 Periodic GC: Disabled
Heap:
 garbage-first heap   total 280576K, used 126615K [0x0000000081e00000, 0x0000000100000000)
  region size 1024K, 7 young (7168K), 7 survivors (7168K)
 Metaspace       used 77242K, committed 78656K, reserved 1179648K
  class space    used 9544K, committed 10112K, reserved 1048576K
GC Heap History (20 events):
Event: 905.026 GC heap after
{Heap after GC invocations=119 (full 25):
 garbage-first heap   total 280576K, used 101228K [0x0000000081e00000, 0x0000000100000000)
  region size 1024K, 0 young (0K), 0 survivors (0K)
 Metaspace       used 75782K, committed 77120K, reserved 1179648K
  class space    used 9467K, committed 9984K, reserved 1048576K
}
Event: 912.353 GC heap before
{Heap before GC invocations=119 (full 25):
 garbage-first heap   total 280576K, used 244588K [0x0000000081e00000, 0x0000000100000000)
  region size 1024K, 142 young (145408K), 0 survivors (0K)
 Metaspace       used 76084K, committed 77376K, reserved 1179648K
  class space    used 9482K, committed 9984K, reserved 1048576K
}
Event: 912.570 GC heap after
{Heap after GC invocations=120 (full 26):
 garbage-first heap   total 280576K, used 104351K [0x0000000081e00000, 0x0000000100000000)
  region size 1024K, 0 young (0K), 0 survivors (0K)
 Metaspace       used 76084K, committed 77376K, reserved 1179648K
  class space    used 9482K, committed 9984K, reserved 1048576K
}
Event: 918.689 GC heap before
{Heap before GC invocations=120 (full 26):
 garbage-first heap   total 280576K, used 247711K [0x0000000081e00000, 0x0000000100000000)
  region size 1024K, 141 young (144384K), 0 survivors (0K)
 Metaspace       used 76243K, committed 77632K, reserved 1179648K
  class space    used 9491K, committed 10048K, reserved 1048576K
}
Event: 918.701 GC heap after
{Heap after GC invocations=121 (full 26):
 garbage-first heap   total 280576K, used 110495K [0x0000000081e00000, 0x0000000100000000)
  region size 1024K, 6 young (6144K), 6 survivors (6144K)
 Metaspace       used 76243K, committed 77632K, reserved 1179648K
  class space    used 9491K, committed 10048K, reserved 1048576K
}
Event: 919.313 GC heap before
{Heap before GC invocations=122 (full 26):
 garbage-first heap   total 280576K, used 113567K [0x0000000081e00000, 0x0000000100000000)
  region size 1024K, 10 young (10240K), 6 survivors (6144K)
 Metaspace       used 76245K, committed 77632K, reserved 1179648K
  class space    used 9491K, committed 10048K, reserved 1048576K
}
Event: 919.529 GC heap after
{Heap after GC invocations=123 (full 27):
 garbage-first heap   total 280576K, used 107455K [0x0000000081e00000, 0x0000000100000000)
  region size 1024K, 0 young (0K), 0 survivors (0K)
 Metaspace       used 76245K, committed 77632K, reserved 1179648K
  class space    used 9491K, committed 10048K, reserved 1048576K
}
Event: 923.472 GC heap before
{Heap before GC invocations=123 (full 27):
 garbage-first heap   total 280576K, used 249791K [0x0000000081e00000, 0x0000000100000000)
  region size 1024K, 141 young (144384K), 0 survivors (0K)
 Metaspace       used 76408K, committed 77760K, reserved 1179648K
  class space    used 9502K, committed 10048K, reserved 1048576K
}
Event: 923.714 GC heap after
{Heap after GC invocations=124 (full 28):
 garbage-first heap   total 280576K, used 110553K [0x0000000081e00000, 0x0000000100000000)
  region size 1024K, 0 young (0K), 0 survivors (0K)
 Metaspace       used 76408K, committed 77760K, reserved 1179648K
  class space    used 9502K, committed 10048K, reserved 1048576K
}
Event: 930.805 GC heap before
{Heap before GC invocations=124 (full 28):
 garbage-first heap   total 280576K, used 252889K [0x0000000081e00000, 0x0000000100000000)
  region size 1024K, 141 young (144384K), 0 survivors (0K)
 Metaspace       used 76664K, committed 78016K, reserved 1179648K
  class space    used 9511K, committed 10048K, reserved 1048576K
}
Event: 931.051 GC heap after
{Heap after GC invocations=125 (full 29):
 garbage-first heap   total 280576K, used 113697K [0x0000000081e00000, 0x0000000100000000)
  region size 1024K, 0 young (0K), 0 survivors (0K)
 Metaspace       used 76664K, committed 78016K, reserved 1179648K
  class space    used 9511K, committed 10048K, reserved 1048576K
}
Event: 932.707 GC heap before
{Heap before GC invocations=125 (full 29):
 garbage-first heap   total 280576K, used 255009K [0x0000000081e00000, 0x0000000100000000)
  region size 1024K, 139 young (142336K), 0 survivors (0K)
 Metaspace       used 76808K, committed 78144K, reserved 1179648K
  class space    used 9521K, committed 10048K, reserved 1048576K
}
Event: 932.721 GC heap after
{Heap after GC invocations=126 (full 29):
 garbage-first heap   total 280576K, used 120353K [0x0000000081e00000, 0x0000000100000000)
  region size 1024K, 7 young (7168K), 7 survivors (7168K)
 Metaspace       used 76808K, committed 78144K, reserved 1179648K
  class space    used 9521K, committed 10048K, reserved 1048576K
}
Event: 936.712 GC heap before
{Heap before GC invocations=127 (full 29):
 garbage-first heap   total 280576K, used 124449K [0x0000000081e00000, 0x0000000100000000)
  region size 1024K, 12 young (12288K), 7 survivors (7168K)
 Metaspace       used 76816K, committed 78144K, reserved 1179648K
  class space    used 9521K, committed 10048K, reserved 1048576K
}
Event: 936.956 GC heap after
{Heap after GC invocations=128 (full 30):
 garbage-first heap   total 280576K, used 116827K [0x0000000081e00000, 0x0000000100000000)
  region size 1024K, 0 young (0K), 0 survivors (0K)
 Metaspace       used 76816K, committed 78144K, reserved 1179648K
  class space    used 9521K, committed 10048K, reserved 1048576K
}
Event: 942.948 GC heap before
{Heap before GC invocations=128 (full 30):
 garbage-first heap   total 280576K, used 257115K [0x0000000081e00000, 0x0000000100000000)
  region size 1024K, 138 young (141312K), 0 survivors (0K)
 Metaspace       used 76979K, committed 78336K, reserved 1179648K
  class space    used 9530K, committed 10048K, reserved 1048576K
}
Event: 942.960 GC heap after
{Heap after GC invocations=129 (full 30):
 garbage-first heap   total 280576K, used 122459K [0x0000000081e00000, 0x0000000100000000)
  region size 1024K, 6 young (6144K), 6 survivors (6144K)
 Metaspace       used 76979K, committed 78336K, reserved 1179648K
  class space    used 9530K, committed 10048K, reserved 1048576K
}
Event: 944.386 GC heap before
{Heap before GC invocations=130 (full 30):
 garbage-first heap   total 280576K, used 125531K [0x0000000081e00000, 0x0000000100000000)
  region size 1024K, 10 young (10240K), 6 survivors (6144K)
 Metaspace       used 76982K, committed 78336K, reserved 1179648K
  class space    used 9530K, committed 10048K, reserved 1048576K
}
Event: 944.615 GC heap after
{Heap after GC invocations=131 (full 31):
 garbage-first heap   total 280576K, used 119959K [0x0000000081e00000, 0x0000000100000000)
  region size 1024K, 0 young (0K), 0 survivors (0K)
 Metaspace       used 76982K, committed 78336K, reserved 1179648K
  class space    used 9530K, committed 10048K, reserved 1048576K
}
Event: 948.480 GC heap before
{Heap before GC invocations=131 (full 31):
 garbage-first heap   total 280576K, used 259223K [0x0000000081e00000, 0x0000000100000000)
  region size 1024K, 137 young (140288K), 0 survivors (0K)
 Metaspace       used 77242K, committed 78656K, reserved 1179648K
  class space    used 9544K, committed 10112K, reserved 1048576K
}

